2022-03-29 20:47:27,339:DEBUG:Start of model: 1 iterations
2022-03-29 20:49:50,771:INFO:Epoch 0: Convergence estimate: 35.74239343638551
2022-03-29 20:50:26,713:INFO:Epoch 0: Perplexity estimate: 963.6888245078577
2022-03-29 20:51:33,119:INFO:Epoch 0: Coherence estimate: 0.4101314306333267
2022-03-29 20:54:43,496:DEBUG:End of model: 1 iterations
2022-03-29 20:54:43,496:DEBUG:Start of model: 11 iterations
2022-03-29 20:58:41,849:INFO:Epoch 0: Convergence estimate: 35.79777056300719
2022-03-29 20:59:50,494:INFO:Epoch 0: Perplexity estimate: 366.40053878325085
2022-03-29 21:02:15,903:INFO:Epoch 0: Coherence estimate: 0.5779627720187305
2022-03-29 21:06:00,546:DEBUG:End of model: 11 iterations
2022-03-29 21:06:00,546:DEBUG:Start of model: 21 iterations
2022-03-29 21:10:54,285:INFO:Epoch 0: Convergence estimate: 35.8133074231332
2022-03-29 21:12:24,848:INFO:Epoch 0: Perplexity estimate: 367.0397128740484
2022-03-29 21:14:57,589:INFO:Epoch 0: Coherence estimate: 0.5587699571635026
2022-03-29 21:19:18,631:DEBUG:End of model: 21 iterations
2022-03-29 21:19:18,631:DEBUG:Start of model: 31 iterations
2022-03-29 21:24:57,978:INFO:Epoch 0: Convergence estimate: 35.80823153866034
2022-03-29 21:26:40,616:INFO:Epoch 0: Perplexity estimate: 369.4039429630847
2022-03-29 21:29:14,223:INFO:Epoch 0: Coherence estimate: 0.5665925795689923
2022-03-29 21:34:14,435:DEBUG:End of model: 31 iterations
2022-03-29 21:34:14,435:DEBUG:Start of model: 41 iterations
2022-03-29 21:41:00,309:INFO:Epoch 0: Convergence estimate: 35.798129755581996
2022-03-29 21:43:40,000:INFO:Epoch 0: Perplexity estimate: 372.0607749107775
2022-03-29 21:46:57,457:INFO:Epoch 0: Coherence estimate: 0.5477200279231869
2022-03-29 21:54:11,177:DEBUG:End of model: 41 iterations
2022-03-29 21:54:11,178:DEBUG:Start of model: 51 iterations
2022-03-29 22:00:03,400:INFO:Epoch 0: Convergence estimate: 35.79797514434077
2022-03-29 22:01:57,590:INFO:Epoch 0: Perplexity estimate: 374.36766824968873
2022-03-29 22:04:34,814:INFO:Epoch 0: Coherence estimate: 0.5536255760654424
2022-03-29 22:10:47,204:DEBUG:End of model: 51 iterations
2022-03-29 22:10:47,205:DEBUG:Start of model: 61 iterations
2022-03-29 22:18:58,929:INFO:Epoch 0: Convergence estimate: 35.782540574881544
2022-03-29 22:20:56,712:INFO:Epoch 0: Perplexity estimate: 376.7273198025782
2022-03-29 22:23:36,285:INFO:Epoch 0: Coherence estimate: 0.5494622998328267
2022-03-29 22:30:28,846:DEBUG:End of model: 61 iterations
2022-03-29 22:30:28,846:DEBUG:Start of model: 71 iterations
2022-03-29 22:39:49,554:INFO:Epoch 0: Convergence estimate: 35.79300077755736
2022-03-29 22:41:53,921:INFO:Epoch 0: Perplexity estimate: 379.63856372140106
2022-03-29 22:44:29,529:INFO:Epoch 0: Coherence estimate: 0.5536916082223857
2022-03-29 22:52:47,009:DEBUG:End of model: 71 iterations
2022-03-29 22:52:47,009:DEBUG:Start of model: 81 iterations
2022-03-29 23:02:29,354:INFO:Epoch 0: Convergence estimate: 35.79300077755735
2022-03-29 23:03:57,300:INFO:Epoch 0: Perplexity estimate: 382.07990781828363
2022-03-29 23:07:11,102:INFO:Epoch 0: Coherence estimate: 0.5525764776961459
2022-03-29 23:14:22,249:DEBUG:End of model: 81 iterations
2022-03-29 23:14:22,249:DEBUG:Start of model: 91 iterations
2022-03-29 23:23:30,248:INFO:Epoch 0: Convergence estimate: 35.793002339287064
2022-03-29 23:25:20,700:INFO:Epoch 0: Perplexity estimate: 384.3190658033142
2022-03-29 23:28:33,948:INFO:Epoch 0: Coherence estimate: 0.5479838765482234
2022-03-29 23:36:48,564:DEBUG:End of model: 91 iterations
2022-03-29 23:36:48,564:DEBUG:Start of model: 101 iterations
2022-03-29 23:46:46,399:INFO:Epoch 0: Convergence estimate: 35.79807822375994
2022-03-29 23:48:29,228:INFO:Epoch 0: Perplexity estimate: 385.73937908474545
2022-03-29 23:51:51,286:INFO:Epoch 0: Coherence estimate: 0.5425196795130586
2022-03-30 00:01:02,210:DEBUG:End of model: 101 iterations
2022-03-30 00:01:02,211:DEBUG:Start of model: 111 iterations
2022-03-30 00:12:10,730:INFO:Epoch 0: Convergence estimate: 35.793002339287064
2022-03-30 00:14:09,236:INFO:Epoch 0: Perplexity estimate: 387.0484740539105
2022-03-30 00:17:24,865:INFO:Epoch 0: Coherence estimate: 0.5602460355850911
2022-03-30 00:27:27,155:DEBUG:End of model: 111 iterations
2022-03-30 00:27:27,155:DEBUG:Start of model: 121 iterations
2022-03-30 00:39:32,430:INFO:Epoch 0: Convergence estimate: 35.78797721365893
2022-03-30 00:41:16,827:INFO:Epoch 0: Perplexity estimate: 388.07235559709125
2022-03-30 00:44:43,204:INFO:Epoch 0: Coherence estimate: 0.5574373684598388
2022-03-30 00:54:56,384:DEBUG:End of model: 121 iterations
2022-03-30 00:54:56,384:DEBUG:Start of model: 131 iterations
2022-03-30 01:07:46,462:INFO:Epoch 0: Convergence estimate: 35.792950807465004
2022-03-30 01:09:36,767:INFO:Epoch 0: Perplexity estimate: 389.40596836715383
2022-03-30 01:12:57,559:INFO:Epoch 0: Coherence estimate: 0.5619715986697551
2022-03-30 01:24:11,243:DEBUG:End of model: 131 iterations
2022-03-30 01:24:11,245:DEBUG:Start of model: 141 iterations
2022-03-30 01:37:38,974:INFO:Epoch 0: Convergence estimate: 35.792796196223776
2022-03-30 01:39:24,608:INFO:Epoch 0: Perplexity estimate: 390.25872867034303
2022-03-30 01:42:49,711:INFO:Epoch 0: Coherence estimate: 0.5621217394042947
2022-03-30 01:56:29,433:DEBUG:End of model: 141 iterations
2022-03-30 01:56:29,436:DEBUG:Start of model: 151 iterations
2022-03-30 02:11:25,114:INFO:Epoch 0: Convergence estimate: 35.79274387564934
2022-03-30 02:13:18,664:INFO:Epoch 0: Perplexity estimate: 390.86716259101536
2022-03-30 02:16:40,251:INFO:Epoch 0: Coherence estimate: 0.5584297866184739
2022-03-30 02:29:50,709:DEBUG:End of model: 151 iterations
2022-03-30 02:29:50,715:DEBUG:Start of model: 161 iterations
2022-03-30 02:45:01,136:INFO:Epoch 0: Convergence estimate: 35.79284772804584
2022-03-30 02:46:53,269:INFO:Epoch 0: Perplexity estimate: 391.7407020423729
2022-03-30 02:50:22,996:INFO:Epoch 0: Coherence estimate: 0.5633484054754876
2022-03-30 03:06:38,940:DEBUG:End of model: 161 iterations
2022-03-30 03:06:38,946:DEBUG:Start of model: 171 iterations
2022-03-30 03:25:15,265:INFO:Epoch 0: Convergence estimate: 35.78777184357297
2022-03-30 03:27:04,280:INFO:Epoch 0: Perplexity estimate: 392.394375373886
2022-03-30 03:30:41,535:INFO:Epoch 0: Coherence estimate: 0.5616230842690729
2022-03-30 03:47:36,148:DEBUG:End of model: 171 iterations
2022-03-30 03:47:36,160:DEBUG:Start of model: 181 iterations
2022-03-30 04:06:23,232:INFO:Epoch 0: Convergence estimate: 35.7826959591001
2022-03-30 04:08:15,383:INFO:Epoch 0: Perplexity estimate: 393.37643634689533
2022-03-30 04:11:49,035:INFO:Epoch 0: Coherence estimate: 0.5592773048042633
2022-03-30 04:28:36,756:DEBUG:End of model: 181 iterations
2022-03-30 04:28:36,767:DEBUG:Start of model: 191 iterations
2022-03-30 04:49:13,244:INFO:Epoch 0: Convergence estimate: 35.7826959591001
2022-03-30 04:51:02,966:INFO:Epoch 0: Perplexity estimate: 394.22897892400846
2022-03-30 04:54:34,915:INFO:Epoch 0: Coherence estimate: 0.5516928019514594
2022-03-30 05:14:38,374:DEBUG:End of model: 191 iterations
2022-03-30 05:14:38,385:DEBUG:Start of model: 201 iterations
2022-03-30 05:35:39,895:INFO:Epoch 0: Convergence estimate: 35.7826959591001
2022-03-30 05:37:43,574:INFO:Epoch 0: Perplexity estimate: 395.03662263781126
2022-03-30 05:41:09,431:INFO:Epoch 0: Coherence estimate: 0.5491060724558147
2022-03-30 06:02:39,737:DEBUG:End of model: 201 iterations
2022-03-30 06:02:39,748:DEBUG:Start of model: 211 iterations
2022-03-30 06:26:02,513:INFO:Epoch 0: Convergence estimate: 35.78777184357297
2022-03-30 06:27:55,326:INFO:Epoch 0: Perplexity estimate: 395.4556960795095
2022-03-30 06:31:20,000:INFO:Epoch 0: Coherence estimate: 0.5507010046817022
2022-03-30 06:54:03,702:DEBUG:End of model: 211 iterations
2022-03-30 06:54:03,714:DEBUG:Start of model: 221 iterations
2022-03-30 07:19:22,002:INFO:Epoch 0: Convergence estimate: 35.7826959591001
2022-03-30 07:21:35,699:INFO:Epoch 0: Perplexity estimate: 395.9994436592496
2022-03-30 07:25:24,829:INFO:Epoch 0: Coherence estimate: 0.5490592550061922
2022-03-30 07:40:46,427:DEBUG:Start of model: 221 iterations
2022-03-30 07:43:49,192:INFO:Epoch 0: Convergence estimate: 35.7826959591001
2022-03-30 07:46:06,220:INFO:Epoch 0: Perplexity estimate: 395.9994436592496
2022-03-30 07:49:35,289:INFO:Epoch 0: Coherence estimate: 0.5490592550061922
2022-03-30 07:51:03,221:DEBUG:End of model: 221 iterations
2022-03-30 07:51:03,221:DEBUG:Start of model: 251 iterations
2022-03-30 07:55:10,335:INFO:Epoch 0: Convergence estimate: 35.7826959591001
2022-03-30 07:57:51,099:INFO:Epoch 0: Perplexity estimate: 397.0986051234218
2022-03-30 08:01:11,258:INFO:Epoch 0: Coherence estimate: 0.5508418528829656
2022-03-30 08:03:33,075:DEBUG:End of model: 251 iterations
2022-03-30 08:03:33,075:DEBUG:Start of model: 281 iterations
2022-03-30 08:08:38,460:INFO:Epoch 0: Convergence estimate: 35.792899259867895
2022-03-30 08:11:12,791:INFO:Epoch 0: Perplexity estimate: 397.9375213171497
2022-03-30 08:14:40,399:INFO:Epoch 0: Coherence estimate: 0.5523596319663122
2022-03-30 08:17:47,984:DEBUG:End of model: 281 iterations
2022-03-30 08:17:47,984:DEBUG:Start of model: 311 iterations
2022-03-30 08:24:16,589:INFO:Epoch 0: Convergence estimate: 35.78787413423976
2022-03-30 08:27:06,020:INFO:Epoch 0: Perplexity estimate: 398.63916543131353
2022-03-30 08:30:42,358:INFO:Epoch 0: Coherence estimate: 0.5537122397984823
2022-03-30 08:34:49,847:DEBUG:End of model: 311 iterations
2022-03-30 08:34:49,848:DEBUG:Start of model: 341 iterations
2022-03-30 08:40:36,692:INFO:Epoch 0: Convergence estimate: 35.77772159231668
2022-03-30 08:42:55,545:INFO:Epoch 0: Perplexity estimate: 399.215777602457
2022-03-30 08:46:25,429:INFO:Epoch 0: Coherence estimate: 0.5557676337848068
2022-03-30 08:50:08,331:DEBUG:End of model: 341 iterations
2022-03-30 08:50:08,332:DEBUG:Start of model: 371 iterations
2022-03-30 08:56:16,529:INFO:Epoch 0: Convergence estimate: 35.77772159231668
2022-03-30 08:58:47,578:INFO:Epoch 0: Perplexity estimate: 399.85604842931446
2022-03-30 09:02:28,674:INFO:Epoch 0: Coherence estimate: 0.5609994137612726
2022-03-30 09:08:04,532:DEBUG:End of model: 371 iterations
2022-03-30 09:43:48,214:DEBUG:Start of model: 401 iterations
2022-03-30 09:49:36,812:INFO:Epoch 0: Convergence estimate: 35.78792489308448
2022-03-30 09:51:13,788:INFO:Epoch 0: Perplexity estimate: 400.28129893295636
2022-03-30 09:54:16,983:INFO:Epoch 0: Coherence estimate: 0.5573905680793756
2022-03-30 09:58:38,210:DEBUG:End of model: 401 iterations
2022-03-30 09:58:38,210:DEBUG:Start of model: 431 iterations
2022-03-30 10:06:54,500:INFO:Epoch 0: Convergence estimate: 35.793000777557346
2022-03-30 10:08:57,903:INFO:Epoch 0: Perplexity estimate: 400.4911979829274
2022-03-30 10:11:46,277:INFO:Epoch 0: Coherence estimate: 0.5592754772428913
2022-03-30 10:17:04,466:DEBUG:End of model: 431 iterations
2022-03-30 10:17:04,466:DEBUG:Start of model: 461 iterations
2022-03-30 10:23:20,185:INFO:Epoch 0: Convergence estimate: 35.79802590318549
2022-03-30 10:24:54,595:INFO:Epoch 0: Perplexity estimate: 400.9327887520411
2022-03-30 10:27:26,080:INFO:Epoch 0: Coherence estimate: 0.5595483391895317
2022-03-30 10:32:11,220:DEBUG:End of model: 461 iterations
2022-03-30 10:32:11,220:DEBUG:Start of model: 491 iterations
2022-03-30 10:38:40,149:INFO:Epoch 0: Convergence estimate: 35.79802590318549
2022-03-30 10:40:13,329:INFO:Epoch 0: Perplexity estimate: 401.2555415138302
2022-03-30 10:42:48,372:INFO:Epoch 0: Coherence estimate: 0.561069881825002
2022-03-30 10:48:04,554:DEBUG:End of model: 491 iterations
2022-03-30 10:48:04,554:DEBUG:Start of model: 521 iterations
2022-03-30 10:54:58,456:INFO:Epoch 0: Convergence estimate: 35.80817767213123
2022-03-30 10:56:31,900:INFO:Epoch 0: Perplexity estimate: 401.45357409304785
2022-03-30 10:59:00,803:INFO:Epoch 0: Coherence estimate: 0.5610978851088677
2022-03-30 11:04:46,554:DEBUG:End of model: 521 iterations
2022-03-30 11:04:46,554:DEBUG:Start of model: 551 iterations
2022-03-30 11:13:03,395:INFO:Epoch 0: Convergence estimate: 35.80817767213123
2022-03-30 11:14:53,317:INFO:Epoch 0: Perplexity estimate: 401.9144765165029
2022-03-30 11:17:26,679:INFO:Epoch 0: Coherence estimate: 0.5617644707316541
2022-03-30 11:25:31,718:DEBUG:End of model: 551 iterations
2022-03-30 11:25:31,718:DEBUG:Start of model: 581 iterations
2022-03-30 11:39:28,555:INFO:Epoch 0: Convergence estimate: 35.80817767213123
2022-03-30 11:42:48,078:INFO:Epoch 0: Perplexity estimate: 401.8412170637206
2022-03-30 12:36:38,789:INFO:Epoch 0: Coherence estimate: 0.5600663361046687
