2022-03-30 09:43:48,214:DEBUG:Start of model: 401 iterations
2022-03-30 09:49:36,812:INFO:Epoch 0: Convergence estimate: 35.78792489308448
2022-03-30 09:51:13,788:INFO:Epoch 0: Perplexity estimate: 400.28129893295636
2022-03-30 09:54:16,983:INFO:Epoch 0: Coherence estimate: 0.5573905680793756
2022-03-30 09:58:38,210:DEBUG:End of model: 401 iterations
2022-03-30 09:58:38,210:DEBUG:Start of model: 431 iterations
2022-03-30 10:06:54,500:INFO:Epoch 0: Convergence estimate: 35.793000777557346
2022-03-30 10:08:57,903:INFO:Epoch 0: Perplexity estimate: 400.4911979829274
2022-03-30 10:11:46,277:INFO:Epoch 0: Coherence estimate: 0.5592754772428913
2022-03-30 10:17:04,466:DEBUG:End of model: 431 iterations
2022-03-30 10:17:04,466:DEBUG:Start of model: 461 iterations
2022-03-30 10:23:20,185:INFO:Epoch 0: Convergence estimate: 35.79802590318549
2022-03-30 10:24:54,595:INFO:Epoch 0: Perplexity estimate: 400.9327887520411
2022-03-30 10:27:26,080:INFO:Epoch 0: Coherence estimate: 0.5595483391895317
2022-03-30 10:32:11,220:DEBUG:End of model: 461 iterations
2022-03-30 10:32:11,220:DEBUG:Start of model: 491 iterations
2022-03-30 10:38:40,149:INFO:Epoch 0: Convergence estimate: 35.79802590318549
2022-03-30 10:40:13,329:INFO:Epoch 0: Perplexity estimate: 401.2555415138302
2022-03-30 10:42:48,372:INFO:Epoch 0: Coherence estimate: 0.561069881825002
2022-03-30 10:48:04,554:DEBUG:End of model: 491 iterations
2022-03-30 10:48:04,554:DEBUG:Start of model: 521 iterations
2022-03-30 10:54:58,456:INFO:Epoch 0: Convergence estimate: 35.80817767213123
2022-03-30 10:56:31,900:INFO:Epoch 0: Perplexity estimate: 401.45357409304785
2022-03-30 10:59:00,803:INFO:Epoch 0: Coherence estimate: 0.5610978851088677
2022-03-30 11:04:46,554:DEBUG:End of model: 521 iterations
2022-03-30 11:04:46,554:DEBUG:Start of model: 551 iterations
2022-03-30 11:13:03,395:INFO:Epoch 0: Convergence estimate: 35.80817767213123
2022-03-30 11:14:53,317:INFO:Epoch 0: Perplexity estimate: 401.9144765165029
2022-03-30 11:17:26,679:INFO:Epoch 0: Coherence estimate: 0.5617644707316541
2022-03-30 11:25:31,718:DEBUG:End of model: 551 iterations
2022-03-30 11:25:31,718:DEBUG:Start of model: 581 iterations
2022-03-30 11:39:28,555:INFO:Epoch 0: Convergence estimate: 35.80817767213123
2022-03-30 11:42:48,078:INFO:Epoch 0: Perplexity estimate: 401.8412170637206
2022-03-30 12:36:38,789:INFO:Epoch 0: Coherence estimate: 0.5600663361046687
2022-03-30 12:43:23,113:DEBUG:End of model: 581 iterations
